<?xml version="1.0" encoding="UTF-8"?>
<!-- Generated by org.testng.reporters.JUnitReportReporter -->
<testsuite hostname="Akashvarun" failures="0" tests="1" name="com.eva.testcases.HomePageTestScript" time="3.987" errors="0" timestamp="2024-06-05T11:55:01 IST" skipped="0">
  <testcase classname="com.eva.testcases.HomePageTestScript" name="verifyDummyApplication" time="3.987"/>
</testsuite> <!-- com.eva.testcases.HomePageTestScript -->
