<?xml version="1.0" encoding="UTF-8"?>
<!-- Generated by org.testng.reporters.JUnitReportReporter -->
<testsuite hostname="DhananjayRao" failures="0" tests="1" name="BaseTest" time="17.345" errors="0" timestamp="2024-05-29T14:02:15 IST" skipped="0">
  <testcase classname="BaseTest" name="verifyNextPage" time="17.345"/>
</testsuite> <!-- BaseTest -->
